<?xml version="1.0" encoding="UTF-8"?>
<!-- Generated by org.testng.reporters.JUnitXMLReporter -->
<testsuite hostname="DESKTOP-2D2CTMR" ignored="0" name="Sample Test2" tests="4" failures="0" timestamp="24 Mar 2018 18:58:59 GMT" time="0.015" errors="0">
  <testcase name="loginTest" time="0.0" classname="sampletest.B_PriorityTest"/>
  <testcase name="regTest" time="0.0" classname="sampletest.B_PriorityTest"/>
  <testcase name="bookTest" time="0.0" classname="sampletest.B_PriorityTest"/>
  <testcase name="cancelTest" time="0.0" classname="sampletest.B_PriorityTest"/>
</testsuite> <!-- Sample Test2 -->
