<?xml version="1.0" encoding="UTF-8"?>
<!-- Generated by org.testng.reporters.JUnitXMLReporter -->
<testsuite hostname="DESKTOP-2D2CTMR" ignored="0" name="Default test" tests="6" failures="0" timestamp="03 Apr 2018 16:58:14 GMT" time="0.062" errors="0">
  <testcase name="loginTest" time="0.0" classname="parameterizationtest.MultiTestMultiDataProvider"/>
  <testcase name="loginTest" time="0.015" classname="parameterizationtest.MultiTestMultiDataProvider"/>
  <testcase name="loginTest" time="0.0" classname="parameterizationtest.MultiTestMultiDataProvider"/>
  <testcase name="bookingTest" time="0.0" classname="parameterizationtest.MultiTestMultiDataProvider"/>
  <testcase name="bookingTest" time="0.0" classname="parameterizationtest.MultiTestMultiDataProvider"/>
  <testcase name="bookingTest" time="0.0" classname="parameterizationtest.MultiTestMultiDataProvider"/>
</testsuite> <!-- Default test -->
