<?xml version="1.0" encoding="UTF-8"?>
<!-- Generated by org.testng.reporters.JUnitXMLReporter -->
<testsuite hostname="DESKTOP-2D2CTMR" ignored="0" name="Test" tests="5" failures="0" timestamp="24 Mar 2018 18:50:34 GMT" time="0.052" errors="0">
  <testcase name="loginTest" time="0.009" classname="sampletest.A_SampleTest"/>
  <testcase name="loginTest" time="0.001" classname="sampletest.B_PriorityTest"/>
  <testcase name="regTest" time="0.002" classname="sampletest.B_PriorityTest"/>
  <testcase name="bookTest" time="0.002" classname="sampletest.B_PriorityTest"/>
  <testcase name="cancelTest" time="0.002" classname="sampletest.B_PriorityTest"/>
</testsuite> <!-- Test -->
