<?xml version="1.0" encoding="UTF-8"?>
<!-- Generated by org.testng.reporters.JUnitXMLReporter -->
<testsuite hostname="DESKTOP-2D2CTMR" ignored="1" name="Booking Test" tests="3" failures="0" timestamp="03 Apr 2018 17:02:39 GMT" time="0.031" errors="0">
  <testcase name="loginTest" time="0.0" classname="groupintest.GroupTest"/>
  <testcase name="regTest" time="0.0" classname="groupintest.GroupTest"/>
  <testcase name="bookTest" time="0.0" classname="groupintest.GroupTest"/>
  <testcase name="cancelTest" time="0.0" classname="groupintest.GroupTest">
    <ignored/>
  </testcase> <!-- cancelTest -->
</testsuite> <!-- Booking Test -->
